2020-07-10 17:10:14 +0000  Initial pipeline context: <IDEDistributionProcessingPipelineContext: 0x7fc8061d9180; archive(resolved)='<IDEArchive: 0x7fc805a69050>', distributionTask(resolved)='2', distributionDestination(resolved)='1', distributionMethod(resolved)='<IDEDistributionMethodiOSAppStoreDistribution: 0x7fc81c688630>', team(resolved)='<IDEProvisioningDisambiguatableBasicTeam: 0x7fc8201dfbf0; teamID='YR37Y2UVNX', teamName='John Mulvey', teamType='Individual', username='jcmulvey@gmail.com', isFreeProvisioningTeam='0'>'>
	Chain (12, self inclusive):
	<IDEDistributionProcessingPipelineContext: 0x7fc8061d9180; archive = '<IDEArchive: 0x7fc805a69050>', distributionMethod='<IDEDistributionMethodiOSAppStoreDistribution: 0x7fc81c688630>', team='<IDEProvisioningDisambiguatableBasicTeam: 0x7fc8201dfbf0; teamID='YR37Y2UVNX', teamName='John Mulvey', teamType='Individual', username='jcmulvey@gmail.com', isFreeProvisioningTeam='0'>'>
	<IDEDistributionProcessingPipelineContext: 0x7fc81be14c20; archive = '<IDEArchive: 0x7fc805a69050>', distributionMethod='<IDEDistributionMethodiOSAppStoreDistribution: 0x7fc81c688630>', team='<IDEProvisioningDisambiguatableBasicTeam: 0x7fc8201dfbf0; teamID='YR37Y2UVNX', teamName='John Mulvey', teamType='Individual', username='jcmulvey@gmail.com', isFreeProvisioningTeam='0'>'>
	<IDEDistributionContext: 0x7fc81b8cba70; archive = '<IDEArchive: 0x7fc805a69050>', distributionMethod='<IDEDistributionMethodiOSAppStoreDistribution: 0x7fc81c688630>', team='<IDEProvisioningDisambiguatableBasicTeam: 0x7fc8201dfbf0; teamID='YR37Y2UVNX', teamName='John Mulvey', teamType='Individual', username='jcmulvey@gmail.com', isFreeProvisioningTeam='0'>'>
	<IDEDistributionContext: 0x7fc81dd28470; archive = '<IDEArchive: 0x7fc805a69050>', distributionMethod='<IDEDistributionMethodiOSAppStoreDistribution: 0x7fc81c688630>', team='<IDEProvisioningDisambiguatableBasicTeam: 0x7fc8201dfbf0; teamID='YR37Y2UVNX', teamName='John Mulvey', teamType='Individual', username='jcmulvey@gmail.com', isFreeProvisioningTeam='0'>'>
	<IDEDistributionContext: 0x7fc806ab38b0; archive = '<IDEArchive: 0x7fc805a69050>', distributionMethod='<IDEDistributionMethodiOSAppStoreDistribution: 0x7fc81c688630>', team='<IDEProvisioningDisambiguatableBasicTeam: 0x7fc8201dfbf0; teamID='YR37Y2UVNX', teamName='John Mulvey', teamType='Individual', username='jcmulvey@gmail.com', isFreeProvisioningTeam='0'>'>
	<IDEDistributionContext: 0x7fc81d677ba0; archive = '<IDEArchive: 0x7fc805a69050>', distributionMethod='<IDEDistributionMethodiOSAppStoreDistribution: 0x7fc81c688630>', team='<IDEProvisioningDisambiguatableBasicTeam: 0x7fc8201dfbf0; teamID='YR37Y2UVNX', teamName='John Mulvey', teamType='Individual', username='jcmulvey@gmail.com', isFreeProvisioningTeam='0'>'>
	<IDEDistributionContext: 0x7fc806abc950; archive = '<IDEArchive: 0x7fc805a69050>', distributionMethod='<IDEDistributionMethodiOSAppStoreDistribution: 0x7fc81c688630>', team='<IDEProvisioningDisambiguatableBasicTeam: 0x7fc8201dfbf0; teamID='YR37Y2UVNX', teamName='John Mulvey', teamType='Individual', username='jcmulvey@gmail.com', isFreeProvisioningTeam='0'>'>
	<IDEDistributionContext: 0x7fc806ac8410; archive = '<IDEArchive: 0x7fc805a69050>', distributionMethod='<IDEDistributionMethodiOSAppStoreDistribution: 0x7fc81c688630>', team='<IDEProvisioningDisambiguatableBasicTeam: 0x7fc8201dfbf0; teamID='YR37Y2UVNX', teamName='John Mulvey', teamType='Individual', username='jcmulvey@gmail.com', isFreeProvisioningTeam='0'>'>
	<IDEDistributionContext: 0x7fc80b8344b0; archive = '<IDEArchive: 0x7fc805a69050>', distributionMethod='<IDEDistributionMethodiOSAppStoreDistribution: 0x7fc81c688630>', team='<IDEProvisioningDisambiguatableBasicTeam: 0x7fc8201dfbf0; teamID='YR37Y2UVNX', teamName='John Mulvey', teamType='Individual', username='jcmulvey@gmail.com', isFreeProvisioningTeam='0'>'>
	<IDEDistributionContext: 0x7fc8164d7b30; archive = '<IDEArchive: 0x7fc805a69050>', distributionMethod='<IDEDistributionMethodiOSAppStoreDistribution: 0x7fc81c688630>', team='(null)'>
	<IDEDistributionContext: 0x7fc81d757bb0; archive = '<IDEArchive: 0x7fc805a69050>', distributionMethod='<IDEDistributionMethodiOSAppStoreDistribution: 0x7fc81c688630>', team='(null)'>
	<IDEDistributionContext: 0x7fc81e283360; archive = '<IDEArchive: 0x7fc805a69050>', distributionMethod='(null)', team='(null)'>
</IDEDistributionProcessingPipelineContext: 0x7fc8061d9180>
2020-07-10 17:10:14 +0000  Processing step: IDEDistributionCreateDestRootStep
2020-07-10 17:10:14 +0000  Processing step: IDEDistributionCopyItemStep
2020-07-10 17:10:14 +0000  Running /usr/bin/ditto '-V' '/Users/jmulvey/Library/Developer/Xcode/Archives/2020-07-10/LoggerLife 7-10-20, 10.01 AM.xcarchive/Products/Applications/LoggerLife.app' '/var/folders/l_/xd8_1m5164lg6lg498hg7_840000gn/T/XcodeDistPipeline.~~~z7ztjj/Root/Payload/LoggerLife.app'
2020-07-10 17:10:14 +0000  >>> Copying /Users/jmulvey/Library/Developer/Xcode/Archives/2020-07-10/LoggerLife 7-10-20, 10.01 AM.xcarchive/Products/Applications/LoggerLife.app 
2020-07-10 17:10:14 +0000  copying file ./_CodeSignature/CodeResources ... 
2020-07-10 17:10:14 +0000  6653 bytes for ./_CodeSignature/CodeResources
2020-07-10 17:10:14 +0000  copying file ./dbcmskeys.db ... 
2020-07-10 17:10:14 +0000  16384 bytes for ./dbcmskeys.db
2020-07-10 17:10:14 +0000  copying file ./MSLifeLoggerAboutTableViewCell.nib ... 
2020-07-10 17:10:14 +0000  5143 bytes for ./MSLifeLoggerAboutTableViewCell.nib
2020-07-10 17:10:14 +0000  copying file ./MSLifeLoggerEditCatagoryTableViewCell.nib ... 
2020-07-10 17:10:14 +0000  5632 bytes for ./MSLifeLoggerEditCatagoryTableViewCell.nib
copying file ./LoggerLife ... 
2020-07-10 17:10:15 +0000  1816816 bytes for ./LoggerLife
copying file ./AppIcon60x60@2x.png ... 
2020-07-10 17:10:15 +0000  3732 bytes for ./AppIcon60x60@2x.png
2020-07-10 17:10:15 +0000  copying file ./Base.lproj/Main.storyboardc/UIViewController-BYZ-38-t0r.nib ... 
2020-07-10 17:10:15 +0000  916 bytes for ./Base.lproj/Main.storyboardc/UIViewController-BYZ-38-t0r.nib
2020-07-10 17:10:15 +0000  copying file ./Base.lproj/Main.storyboardc/BYZ-38-t0r-view-8bC-Xf-vdC.nib ... 
2020-07-10 17:10:15 +0000  1197 bytes for ./Base.lproj/Main.storyboardc/BYZ-38-t0r-view-8bC-Xf-vdC.nib
copying file ./Base.lproj/Main.storyboardc/Info.plist ... 
2020-07-10 17:10:15 +0000  258 bytes for ./Base.lproj/Main.storyboardc/Info.plist
2020-07-10 17:10:15 +0000  copying file ./Base.lproj/LaunchScreen.storyboardc/01J-lp-oVM-view-Ze5-6b-2t3.nib ... 
2020-07-10 17:10:15 +0000  1197 bytes for ./Base.lproj/LaunchScreen.storyboardc/01J-lp-oVM-view-Ze5-6b-2t3.nib
2020-07-10 17:10:15 +0000  copying file ./Base.lproj/LaunchScreen.storyboardc/UIViewController-01J-lp-oVM.nib ... 
2020-07-10 17:10:15 +0000  896 bytes for ./Base.lproj/LaunchScreen.storyboardc/UIViewController-01J-lp-oVM.nib
copying file ./Base.lproj/LaunchScreen.storyboardc/Info.plist ... 
2020-07-10 17:10:15 +0000  258 bytes for ./Base.lproj/LaunchScreen.storyboardc/Info.plist
2020-07-10 17:10:15 +0000  copying file ./CenterTableViewCell.nib ... 
2020-07-10 17:10:15 +0000  5545 bytes for ./CenterTableViewCell.nib
copying file ./Assets.car ... 
2020-07-10 17:10:15 +0000  201759 bytes for ./Assets.car
2020-07-10 17:10:15 +0000  copying file ./AppIcon76x76@2x~ipad.png ... 
2020-07-10 17:10:15 +0000  4184 bytes for ./AppIcon76x76@2x~ipad.png
2020-07-10 17:10:15 +0000  copying file ./TextViewTableViewCell.nib ... 
2020-07-10 17:10:15 +0000  3289 bytes for ./TextViewTableViewCell.nib
2020-07-10 17:10:15 +0000  copying file ./HeaderTableViewCell.nib ... 
2020-07-10 17:10:15 +0000  1569 bytes for ./HeaderTableViewCell.nib
2020-07-10 17:10:15 +0000  copying file ./MasterDB.plist ... 
2020-07-10 17:10:15 +0000  2030 bytes for ./MasterDB.plist
2020-07-10 17:10:15 +0000  copying file ./embedded.mobileprovision ... 
2020-07-10 17:10:15 +0000  13320 bytes for ./embedded.mobileprovision
copying file ./SpacingTableViewCell.nib ... 
2020-07-10 17:10:15 +0000  1711 bytes for ./SpacingTableViewCell.nib
copying file ./Info.plist ... 
2020-07-10 17:10:15 +0000  1532 bytes for ./Info.plist
2020-07-10 17:10:15 +0000  copying file ./PkgInfo ... 
2020-07-10 17:10:15 +0000  8 bytes for ./PkgInfo
copying file ./cmdbinfo.plist ... 
2020-07-10 17:10:15 +0000  265 bytes for ./cmdbinfo.plist
2020-07-10 17:10:15 +0000  /usr/bin/ditto exited with 0
2020-07-10 17:10:15 +0000  Processing step: IDEDistributionEmbedProfileStep
2020-07-10 17:10:15 +0000  Processing step: IDEDistributionInfoPlistStep
2020-07-10 17:10:15 +0000  Skipping step: IDEDistributionInfoPlistStep because it said so
2020-07-10 17:10:15 +0000  Processing step: IDEDistributionItemRemovalStep
2020-07-10 17:10:15 +0000  Processing step: IDEDistributionAppThinningPlistStep
2020-07-10 17:10:15 +0000  Skipping step: IDEDistributionAppThinningPlistStep because it said so
2020-07-10 17:10:15 +0000  Processing step: IDEDistributionCompileBitcodeStep
2020-07-10 17:10:15 +0000  Skipping step: IDEDistributionCompileBitcodeStep because it said so
2020-07-10 17:10:15 +0000  Processing step: IDEDistributionCodeSlimmingStep
2020-07-10 17:10:15 +0000  Running /Users/jmulvey/Documents/Xcode-beta.app/Contents/Developer/Toolchains/XcodeDefault.xctoolchain/usr/bin/bitcode_strip '/var/folders/l_/xd8_1m5164lg6lg498hg7_840000gn/T/XcodeDistPipeline.~~~z7ztjj/Root/Payload/LoggerLife.app/LoggerLife' '-l' '-o' '/var/folders/l_/xd8_1m5164lg6lg498hg7_840000gn/T/XcodeDistPipeline.~~~z7ztjj/Root/Payload/LoggerLife.app/LoggerLife'
2020-07-10 17:10:15 +0000  /Users/jmulvey/Documents/Xcode-beta.app/Contents/Developer/Toolchains/XcodeDefault.xctoolchain/usr/bin/bitcode_strip exited with 0
2020-07-10 17:10:15 +0000  Processing step: IDEDistributionCopyBCSymbolMapsStep
2020-07-10 17:10:15 +0000  Running /usr/bin/ditto '-V' '/Users/jmulvey/Library/Developer/Xcode/Archives/2020-07-10/LoggerLife 7-10-20, 10.01 AM.xcarchive/BCSymbolMaps/5BCABED0-E1C3-30F3-B8B8-04946F6E5A74.bcsymbolmap' '/var/folders/l_/xd8_1m5164lg6lg498hg7_840000gn/T/XcodeDistPipeline.~~~z7ztjj/Root/BCSymbolMaps/5BCABED0-E1C3-30F3-B8B8-04946F6E5A74.bcsymbolmap'
2020-07-10 17:10:15 +0000  >>> Copying /Users/jmulvey/Library/Developer/Xcode/Archives/2020-07-10/LoggerLife 7-10-20, 10.01 AM.xcarchive/BCSymbolMaps/5BCABED0-E1C3-30F3-B8B8-04946F6E5A74.bcsymbolmap 
2020-07-10 17:10:15 +0000  copying file ./5BCABED0-E1C3-30F3-B8B8-04946F6E5A74.bcsymbolmap ... 
2020-07-10 17:10:15 +0000  89365 bytes for ./5BCABED0-E1C3-30F3-B8B8-04946F6E5A74.bcsymbolmap
2020-07-10 17:10:15 +0000  /usr/bin/ditto exited with 0
2020-07-10 17:10:15 +0000  Processing step: IDEDistributionSymbolsStep
2020-07-10 17:10:15 +0000  Excluding symbols for LoggerLife.app
2020-07-10 17:10:15 +0000  Processing step: IDEDistributionCopyAppleProvidedContentStep
2020-07-10 17:10:15 +0000  Processing step: IDEDistributionAppThinningStep
2020-07-10 17:10:15 +0000  Skipping step: IDEDistributionAppThinningStep because it said so
2020-07-10 17:10:15 +0000  Processing step: IDEDistributionArchThinningStep
2020-07-10 17:10:15 +0000  Running /Users/jmulvey/Documents/Xcode-beta.app/Contents/Developer/Toolchains/XcodeDefault.xctoolchain/usr/bin/lipo '/var/folders/l_/xd8_1m5164lg6lg498hg7_840000gn/T/XcodeDistPipeline.~~~z7ztjj/Root/Payload/LoggerLife.app/LoggerLife' '-verify_arch' 'arm64e'
2020-07-10 17:10:15 +0000  /Users/jmulvey/Documents/Xcode-beta.app/Contents/Developer/Toolchains/XcodeDefault.xctoolchain/usr/bin/lipo exited with 1
2020-07-10 17:10:15 +0000  Skipping architecture thinning for item "LoggerLife" because arch "arm64e" wasn't found
2020-07-10 17:10:15 +0000  Processing step: IDEDistributionODRStep
2020-07-10 17:10:15 +0000  Processing step: IDEDistributionStripXattrsStep
2020-07-10 17:10:15 +0000  Running /usr/bin/xattr '-crs' '/var/folders/l_/xd8_1m5164lg6lg498hg7_840000gn/T/XcodeDistPipeline.~~~z7ztjj/Root/Payload/LoggerLife.app'
2020-07-10 17:10:15 +0000  /usr/bin/xattr exited with 0
2020-07-10 17:10:15 +0000  Processing step: IDEDistributionCodesignStep
2020-07-10 17:10:15 +0000  Entitlements for <IDEDistributionItem: 0x7fc806cc5100; bundleID='com.mulvsoft.loggerlife', path='<DVTFilePath:0x7fc81b44b1c0:'/Users/jmulvey/Library/Developer/Xcode/Archives/2020-07-10/LoggerLife 7-10-20, 10.01 AM.xcarchive/Products/Applications/LoggerLife.app'>', codeSigningInfo='<_DVTCodeSigningInformation_Path: 0x7fc80cc643b0; isSigned='1', isAdHocSigned='0', signingCertificate='<DVTSigningCertificate: 0x7fc81d719390; name='Apple Development: John Mulvey (M82P6JE62S)', hash='63A240124153C492635C5573F72900783A09BDEB', serialNumber='<DVTSigningCertificateSerialNumber: 0x7fc81b278890>', certificateKinds='(
    "1.2.840.113635.100.6.1.12",
    "1.2.840.113635.100.6.1.2"
), issueDate='2019-10-17 15:37:34 +0000''>', entitlements='{
    "application-identifier" = "YR37Y2UVNX.com.mulvsoft.loggerlife";
    "com.apple.developer.team-identifier" = YR37Y2UVNX;
    "get-task-allow" = 1;
    "keychain-access-groups" =     (
        "YR37Y2UVNX.com.mulvsoft.loggerlife"
    );
}', teamID='YR37Y2UVNX', identifier='com.mulvsoft.loggerlife', executablePath='<DVTFilePath:0x7fc806bc2c60:'/Users/jmulvey/Library/Developer/Xcode/Archives/2020-07-10/LoggerLife 7-10-20, 10.01 AM.xcarchive/Products/Applications/LoggerLife.app/LoggerLife'>', hardenedRuntime='0'>'>: {
    "application-identifier" = "YR37Y2UVNX.com.mulvsoft.loggerlife";
    "beta-reports-active" = 1;
    "com.apple.developer.team-identifier" = YR37Y2UVNX;
    "get-task-allow" = 0;
    "keychain-access-groups" =     (
        "YR37Y2UVNX.com.mulvsoft.loggerlife"
    );
}
2020-07-10 17:10:15 +0000  Writing entitlements for <IDEDistributionItem: 0x7fc806cc5100; bundleID='com.mulvsoft.loggerlife', path='<DVTFilePath:0x7fc81b44b1c0:'/Users/jmulvey/Library/Developer/Xcode/Archives/2020-07-10/LoggerLife 7-10-20, 10.01 AM.xcarchive/Products/Applications/LoggerLife.app'>', codeSigningInfo='<_DVTCodeSigningInformation_Path: 0x7fc80cc643b0; isSigned='1', isAdHocSigned='0', signingCertificate='<DVTSigningCertificate: 0x7fc81d7b8730; name='Apple Development: John Mulvey (M82P6JE62S)', hash='63A240124153C492635C5573F72900783A09BDEB', serialNumber='<DVTSigningCertificateSerialNumber: 0x7fc81b2c9270>', certificateKinds='(
    "1.2.840.113635.100.6.1.12",
    "1.2.840.113635.100.6.1.2"
), issueDate='2019-10-17 15:37:34 +0000''>', entitlements='{
    "application-identifier" = "YR37Y2UVNX.com.mulvsoft.loggerlife";
    "com.apple.developer.team-identifier" = YR37Y2UVNX;
    "get-task-allow" = 1;
    "keychain-access-groups" =     (
        "YR37Y2UVNX.com.mulvsoft.loggerlife"
    );
}', teamID='YR37Y2UVNX', identifier='com.mulvsoft.loggerlife', executablePath='<DVTFilePath:0x7fc806bc2c60:'/Users/jmulvey/Library/Developer/Xcode/Archives/2020-07-10/LoggerLife 7-10-20, 10.01 AM.xcarchive/Products/Applications/LoggerLife.app/LoggerLife'>', hardenedRuntime='0'>'> to: /var/folders/l_/xd8_1m5164lg6lg498hg7_840000gn/T/XcodeDistPipeline.~~~z7ztjj/entitlements~~~8uVZIe
2020-07-10 17:10:15 +0000  Running /usr/bin/codesign '-vvv' '--force' '--sign' '37F1267D855FD8F12CDF0FC88AF1977511E2BE62' '--entitlements' '/var/folders/l_/xd8_1m5164lg6lg498hg7_840000gn/T/XcodeDistPipeline.~~~z7ztjj/entitlements~~~8uVZIe' '--preserve-metadata=identifier,flags,runtime' '/var/folders/l_/xd8_1m5164lg6lg498hg7_840000gn/T/XcodeDistPipeline.~~~z7ztjj/Root/Payload/LoggerLife.app'
2020-07-10 17:10:16 +0000  /var/folders/l_/xd8_1m5164lg6lg498hg7_840000gn/T/XcodeDistPipeline.~~~z7ztjj/Root/Payload/LoggerLife.app: signed app bundle with Mach-O thin (arm64) [com.mulvsoft.loggerlife]
2020-07-10 17:10:16 +0000  /usr/bin/codesign exited with 0
2020-07-10 17:10:16 +0000  Processing step: IDEDistributionZipODRItemStep
2020-07-10 17:10:16 +0000  Skipping step: IDEDistributionZipODRItemStep because it said so
2020-07-10 17:10:16 +0000  Processing step: IDEDistributionCreateIPAStep
2020-07-10 17:10:16 +0000  Running /usr/bin/ditto '-V' '-c' '-k' '--norsrc' '/var/folders/l_/xd8_1m5164lg6lg498hg7_840000gn/T/XcodeDistPipeline.~~~z7ztjj/Root' '/var/folders/l_/xd8_1m5164lg6lg498hg7_840000gn/T/XcodeDistPipeline.~~~z7ztjj/Packages/LoggerLife.ipa'
2020-07-10 17:10:16 +0000  >>> Copying /var/folders/l_/xd8_1m5164lg6lg498hg7_840000gn/T/XcodeDistPipeline.~~~z7ztjj/Root 
2020-07-10 17:10:16 +0000  copying file ./BCSymbolMaps/5BCABED0-E1C3-30F3-B8B8-04946F6E5A74.bcsymbolmap ... 
2020-07-10 17:10:16 +0000  89365 bytes for ./BCSymbolMaps/5BCABED0-E1C3-30F3-B8B8-04946F6E5A74.bcsymbolmap
2020-07-10 17:10:16 +0000  copying file ./Payload/LoggerLife.app/_CodeSignature/CodeResources ... 
2020-07-10 17:10:16 +0000  6653 bytes for ./Payload/LoggerLife.app/_CodeSignature/CodeResources
copying file ./Payload/LoggerLife.app/dbcmskeys.db ... 
2020-07-10 17:10:16 +0000  16384 bytes for ./Payload/LoggerLife.app/dbcmskeys.db
copying file ./Payload/LoggerLife.app/MSLifeLoggerAboutTableViewCell.nib ... 
2020-07-10 17:10:16 +0000  5143 bytes for ./Payload/LoggerLife.app/MSLifeLoggerAboutTableViewCell.nib
copying file ./Payload/LoggerLife.app/MSLifeLoggerEditCatagoryTableViewCell.nib ... 
2020-07-10 17:10:16 +0000  5632 bytes for ./Payload/LoggerLife.app/MSLifeLoggerEditCatagoryTableViewCell.nib
2020-07-10 17:10:16 +0000  copying file ./Payload/LoggerLife.app/LoggerLife ... 
2020-07-10 17:10:16 +0000  1562944 bytes for ./Payload/LoggerLife.app/LoggerLife
2020-07-10 17:10:16 +0000  copying file ./Payload/LoggerLife.app/AppIcon60x60@2x.png ... 
2020-07-10 17:10:16 +0000  3732 bytes for ./Payload/LoggerLife.app/AppIcon60x60@2x.png
copying file ./Payload/LoggerLife.app/Base.lproj/Main.storyboardc/UIViewController-BYZ-38-t0r.nib ... 
2020-07-10 17:10:16 +0000  916 bytes for ./Payload/LoggerLife.app/Base.lproj/Main.storyboardc/UIViewController-BYZ-38-t0r.nib
copying file ./Payload/LoggerLife.app/Base.lproj/Main.storyboardc/BYZ-38-t0r-view-8bC-Xf-vdC.nib ... 
1197 bytes for ./Payload/LoggerLife.app/Base.lproj/Main.storyboardc/BYZ-38-t0r-view-8bC-Xf-vdC.nib
copying file ./Payload/LoggerLife.app/Base.lproj/Main.storyboardc/Info.plist ... 
2020-07-10 17:10:16 +0000  258 bytes for ./Payload/LoggerLife.app/Base.lproj/Main.storyboardc/Info.plist
copying file ./Payload/LoggerLife.app/Base.lproj/LaunchScreen.storyboardc/01J-lp-oVM-view-Ze5-6b-2t3.nib ... 
2020-07-10 17:10:16 +0000  1197 bytes for ./Payload/LoggerLife.app/Base.lproj/LaunchScreen.storyboardc/01J-lp-oVM-view-Ze5-6b-2t3.nib
copying file ./Payload/LoggerLife.app/Base.lproj/LaunchScreen.storyboardc/UIViewController-01J-lp-oVM.nib ... 
2020-07-10 17:10:16 +0000  896 bytes for ./Payload/LoggerLife.app/Base.lproj/LaunchScreen.storyboardc/UIViewController-01J-lp-oVM.nib
copying file ./Payload/LoggerLife.app/Base.lproj/LaunchScreen.storyboardc/Info.plist ... 
258 bytes for ./Payload/LoggerLife.app/Base.lproj/LaunchScreen.storyboardc/Info.plist
2020-07-10 17:10:16 +0000  copying file ./Payload/LoggerLife.app/CenterTableViewCell.nib ... 
2020-07-10 17:10:16 +0000  5545 bytes for ./Payload/LoggerLife.app/CenterTableViewCell.nib
copying file ./Payload/LoggerLife.app/Assets.car ... 
2020-07-10 17:10:16 +0000  201759 bytes for ./Payload/LoggerLife.app/Assets.car
2020-07-10 17:10:16 +0000  copying file ./Payload/LoggerLife.app/AppIcon76x76@2x~ipad.png ... 
4184 bytes for ./Payload/LoggerLife.app/AppIcon76x76@2x~ipad.png
2020-07-10 17:10:16 +0000  copying file ./Payload/LoggerLife.app/TextViewTableViewCell.nib ... 
3289 bytes for ./Payload/LoggerLife.app/TextViewTableViewCell.nib
copying file ./Payload/LoggerLife.app/HeaderTableViewCell.nib ... 
2020-07-10 17:10:16 +0000  1569 bytes for ./Payload/LoggerLife.app/HeaderTableViewCell.nib
copying file ./Payload/LoggerLife.app/MasterDB.plist ... 
2020-07-10 17:10:16 +0000  2030 bytes for ./Payload/LoggerLife.app/MasterDB.plist
copying file ./Payload/LoggerLife.app/embedded.mobileprovision ... 
2020-07-10 17:10:16 +0000  7376 bytes for ./Payload/LoggerLife.app/embedded.mobileprovision
2020-07-10 17:10:16 +0000  copying file ./Payload/LoggerLife.app/SpacingTableViewCell.nib ... 
1711 bytes for ./Payload/LoggerLife.app/SpacingTableViewCell.nib
copying file ./Payload/LoggerLife.app/Info.plist ... 
2020-07-10 17:10:16 +0000  1532 bytes for ./Payload/LoggerLife.app/Info.plist
copying file ./Payload/LoggerLife.app/PkgInfo ... 
8 bytes for ./Payload/LoggerLife.app/PkgInfo
copying file ./Payload/LoggerLife.app/cmdbinfo.plist ... 
2020-07-10 17:10:16 +0000  265 bytes for ./Payload/LoggerLife.app/cmdbinfo.plist
2020-07-10 17:10:16 +0000  /usr/bin/ditto exited with 0
2020-07-10 17:10:16 +0000  Processing step: IDEDistributionAppStoreInformationStep
2020-07-10 17:10:16 +0000  Skipping step: IDEDistributionAppStoreInformationStep because it said so
2020-07-10 17:10:16 +0000  Processing step: IDEDistributionGenerateProcessedDistributionItems
2020-07-10 17:10:16 +0000  IDEDistributionItem init <DVTFilePath:0x7fc81d749a20:'/var/folders/l_/xd8_1m5164lg6lg498hg7_840000gn/T/XcodeDistPipeline.~~~z7ztjj/Root/Payload/LoggerLife.app'>
2020-07-10 17:10:16 +0000  Processing step: IDEDistributionCreateManifestStep
2020-07-10 17:10:16 +0000  Skipping step: IDEDistributionCreateManifestStep because it said so
